<?xml version="1.0" encoding="UTF-8"?>
<!-- Generated by org.testng.reporters.JUnitReportReporter -->
<testsuite hostname="PURVILAPTOP" failures="0" tests="1" name="pageObjectModel.RegistrationTest" time="8.891" errors="0" timestamp="26 Jan 2020 04:17:25 GMT">
  <testcase classname="pageObjectModel.RegistrationTest" name="verifyFlightReg" time="8.891"/>
</testsuite> <!-- pageObjectModel.RegistrationTest -->
