<?xml version="1.0" encoding="UTF-8"?>
<!-- Generated by org.testng.reporters.JUnitReportReporter -->
<testsuite hostname="PURVILAPTOP" failures="0" tests="3" name="extentReportDemo.NocommerceTest" time="22.298" errors="0" timestamp="26 Jan 2020 04:24:34 GMT">
  <testcase classname="extentReportDemo.NocommerceTest" name="noCommerceTitleTest" time="7.359"/>
  <testcase classname="extentReportDemo.NocommerceTest" name="nopcommerceLoginTest" time="8.947"/>
  <testcase classname="extentReportDemo.NocommerceTest" name="nopCommerceLogoTest" time="5.992"/>
</testsuite> <!-- extentReportDemo.NocommerceTest -->
